Using pre-set license
Built from '2021.3/staging' branch; Version is '2021.3.0f1 (6eacc8284459) revision 7253192'; Using compiler version '192829333'; Build Type 'Release'
OS: 'Windows 10  (10.0.19044) 64bit Core' Language: 'en' Physical Memory: 8124 MB
BatchMode: 1, IsHumanControllingUs: 0, StartBugReporterOnCrash: 0, Is64bit: 1, IsPro: 1

COMMAND LINE ARGUMENTS:
C:\Program Files\Unity\Hub\Editor\2021.3.0f1\Editor\Unity.exe
-adb2
-batchMode
-noUpm
-name
AssetImportWorker0
-projectPath
C:/Users/Eric/Unity_Projects/YoU_05_ProgressRingShader/progress_ring_shader/progress_ring_shader
-logFile
Logs/AssetImportWorker0.log
-srvPort
64767
Successfully changed project path to: C:/Users/Eric/Unity_Projects/YoU_05_ProgressRingShader/progress_ring_shader/progress_ring_shader
C:/Users/Eric/Unity_Projects/YoU_05_ProgressRingShader/progress_ring_shader/progress_ring_shader
[UnityMemory] Configuration Parameters - Can be set up in boot.config
    "memorysetup-bucket-allocator-granularity=16"
    "memorysetup-bucket-allocator-bucket-count=8"
    "memorysetup-bucket-allocator-block-size=33554432"
    "memorysetup-bucket-allocator-block-count=8"
    "memorysetup-main-allocator-block-size=16777216"
    "memorysetup-thread-allocator-block-size=16777216"
    "memorysetup-gfx-main-allocator-block-size=16777216"
    "memorysetup-gfx-thread-allocator-block-size=16777216"
    "memorysetup-cache-allocator-block-size=4194304"
    "memorysetup-typetree-allocator-block-size=2097152"
    "memorysetup-profiler-bucket-allocator-granularity=16"
    "memorysetup-profiler-bucket-allocator-bucket-count=8"
    "memorysetup-profiler-bucket-allocator-block-size=33554432"
    "memorysetup-profiler-bucket-allocator-block-count=8"
    "memorysetup-profiler-allocator-block-size=16777216"
    "memorysetup-profiler-editor-allocator-block-size=1048576"
    "memorysetup-temp-allocator-size-main=16777216"
    "memorysetup-job-temp-allocator-block-size=2097152"
    "memorysetup-job-temp-allocator-block-size-background=1048576"
    "memorysetup-job-temp-allocator-reduction-small-platforms=262144"
    "memorysetup-temp-allocator-size-background-worker=32768"
    "memorysetup-temp-allocator-size-job-worker=262144"
    "memorysetup-temp-allocator-size-preload-manager=33554432"
    "memorysetup-temp-allocator-size-nav-mesh-worker=65536"
    "memorysetup-temp-allocator-size-audio-worker=65536"
    "memorysetup-temp-allocator-size-cloud-worker=32768"
    "memorysetup-temp-allocator-size-gi-baking-worker=262144"
    "memorysetup-temp-allocator-size-gfx=262144"
Refreshing native plugins compatible for Editor in 155.86 ms, found 3 plugins.
Preloading 0 native plugins for Editor in 0.00 ms.
Initialize engine version: 2021.3.0f1 (6eacc8284459)
[Subsystems] Discovering subsystems at path C:/Program Files/Unity/Hub/Editor/2021.3.0f1/Editor/Data/Resources/UnitySubsystems
[Subsystems] Discovering subsystems at path C:/Users/Eric/Unity_Projects/YoU_05_ProgressRingShader/progress_ring_shader/progress_ring_shader/Assets
GfxDevice: creating device client; threaded=0; jobified=0
Direct3D:
    Version:  Direct3D 11.0 [level 11.1]
    Renderer: NVIDIA GeForce GTX 1050 Ti (ID=0x1c82)
    Vendor:   NVIDIA
    VRAM:     4018 MB
    Driver:   30.0.15.1215
Initialize mono
Mono path[0] = 'C:/Program Files/Unity/Hub/Editor/2021.3.0f1/Editor/Data/Managed'
Mono path[1] = 'C:/Program Files/Unity/Hub/Editor/2021.3.0f1/Editor/Data/MonoBleedingEdge/lib/mono/unityjit-win32'
Mono config path = 'C:/Program Files/Unity/Hub/Editor/2021.3.0f1/Editor/Data/MonoBleedingEdge/etc'
Using monoOptions --debugger-agent=transport=dt_socket,embedding=1,server=y,suspend=n,address=127.0.0.1:56572
Begin MonoManager ReloadAssembly
Registering precompiled unity dll's ...
Register platform support module: C:/Program Files/Unity/Hub/Editor/2021.3.0f1/Editor/Data/PlaybackEngines/WindowsStandaloneSupport/UnityEditor.WindowsStandalone.Extensions.dll
Registered in 0.010710 seconds.
Native extension for WindowsStandalone target not found
Refreshing native plugins compatible for Editor in 123.52 ms, found 3 plugins.
Preloading 0 native plugins for Editor in 0.00 ms.
Mono: successfully reloaded assembly
- Completed reload, in  0.858 seconds
Domain Reload Profiling:
	ReloadAssembly (859ms)
		BeginReloadAssembly (90ms)
			ExecutionOrderSort (0ms)
			DisableScriptedObjects (0ms)
			BackupInstance (0ms)
			ReleaseScriptingObjects (0ms)
			CreateAndSetChildDomain (1ms)
		EndReloadAssembly (621ms)
			LoadAssemblies (87ms)
			RebuildTransferFunctionScriptingTraits (0ms)
			SetupTypeCache (144ms)
			ReleaseScriptCaches (0ms)
			RebuildScriptCaches (39ms)
			SetupLoadedEditorAssemblies (372ms)
				LogAssemblyErrors (0ms)
				InitializePlatformSupportModulesInManaged (10ms)
				SetLoadedEditorAssemblies (0ms)
				RefreshPlugins (124ms)
				BeforeProcessingInitializeOnLoad (2ms)
				ProcessInitializeOnLoadAttributes (177ms)
				ProcessInitializeOnLoadMethodAttributes (59ms)
				AfterProcessingInitializeOnLoad (0ms)
				EditorAssembliesLoaded (0ms)
			ExecutionOrderSort2 (0ms)
			AwakeInstancesAfterBackupRestoration (0ms)
Platform modules already initialized, skipping
Registering precompiled user dll's ...
Registered in 0.008653 seconds.
Begin MonoManager ReloadAssembly
Symbol file LoadedFromMemory doesn't match image C:\Users\Eric\Unity_Projects\YoU_05_ProgressRingShader\progress_ring_shader\progress_ring_shader\Library\PackageCache\com.unity.visualscripting@1.7.6\Editor\VisualScripting.Core\Dependencies\YamlDotNet\Unity.VisualScripting.YamlDotNet.dll
Symbol file LoadedFromMemory is not a mono symbol file
Symbol file LoadedFromMemory doesn't match image C:\Users\Eric\Unity_Projects\YoU_05_ProgressRingShader\progress_ring_shader\progress_ring_shader\Library\PackageCache\com.unity.visualscripting@1.7.6\Editor\VisualScripting.Core\Dependencies\DotNetZip\Unity.VisualScripting.IonicZip.dll
Native extension for WindowsStandalone target not found
Refreshing native plugins compatible for Editor in 128.73 ms, found 3 plugins.
Preloading 0 native plugins for Editor in 0.00 ms.
Mono: successfully reloaded assembly
- Completed reload, in  1.773 seconds
Domain Reload Profiling:
	ReloadAssembly (1775ms)
		BeginReloadAssembly (133ms)
			ExecutionOrderSort (0ms)
			DisableScriptedObjects (7ms)
			BackupInstance (0ms)
			ReleaseScriptingObjects (0ms)
			CreateAndSetChildDomain (20ms)
		EndReloadAssembly (1482ms)
			LoadAssemblies (221ms)
			RebuildTransferFunctionScriptingTraits (0ms)
			SetupTypeCache (318ms)
			ReleaseScriptCaches (1ms)
			RebuildScriptCaches (92ms)
			SetupLoadedEditorAssemblies (788ms)
				LogAssemblyErrors (0ms)
				InitializePlatformSupportModulesInManaged (33ms)
				SetLoadedEditorAssemblies (0ms)
				RefreshPlugins (129ms)
				BeforeProcessingInitializeOnLoad (161ms)
				ProcessInitializeOnLoadAttributes (304ms)
				ProcessInitializeOnLoadMethodAttributes (144ms)
				AfterProcessingInitializeOnLoad (16ms)
				EditorAssembliesLoaded (0ms)
			ExecutionOrderSort2 (0ms)
			AwakeInstancesAfterBackupRestoration (7ms)
Platform modules already initialized, skipping
========================================================================
Worker process is ready to serve import requests
Launched and connected shader compiler UnityShaderCompiler.exe after 0.08 seconds
Refreshing native plugins compatible for Editor in 3.01 ms, found 3 plugins.
Preloading 0 native plugins for Editor in 0.00 ms.
Unloading 4876 Unused Serialized files (Serialized files now loaded: 0)
Unloading 30 unused Assets / (0.7 MB). Loaded Objects now: 5330.
Memory consumption went from 193.7 MB to 193.0 MB.
Total: 11.118100 ms (FindLiveObjects: 1.456900 ms CreateObjectMapping: 1.445500 ms MarkObjects: 7.231000 ms  DeleteObjects: 0.965300 ms)

AssetImportParameters requested are different than current active one (requested -> active):
  custom:video-decoder-ogg-theora: a1e56fd34408186e4bbccfd4996cb3dc -> 
  custom:container-muxer-webm: aa71ff27fc2769a1b78a27578f13a17b -> 
  custom:container-demuxer-webm: 4f35f7cbe854078d1ac9338744f61a02 -> 
  custom:video-encoder-webm-vp8: eb34c28f22e8b96e1ab97ce403110664 -> 
  custom:video-codec-MediaFoundation-h265: 746d11721c4dcdbdad8f713fa42b33f4 -> 
  custom:audio-encoder-webm-vorbis: bf7c407c2cedff20999df2af8eb42d56 -> 
  custom:framework-win-MediaFoundation: 216162199b28c13a410421893ffa2e32 -> 
  custom:container-demuxer-ogg: 62fdf1f143b41e24485cea50d1cbac27 -> 
  custom:video-decoder-webm-vp8: 9c59270c3fd7afecdb556c50c9e8de78 -> 
  custom:audio-decoder-ogg-vorbis: bf7c407c2cedff20999df2af8eb42d56 -> 
========================================================================
Received Import Request.
  Time since last request: 23325.326976 seconds.
  path: Assets/UniversalRenderPipelineGlobalSettings.asset
  artifactKey: Guid(18dc0cd2c080841dea60987a38ce93fa) Importer(815301076,1909f56bfc062723c751e8b465ee728b)
Start importing Assets/UniversalRenderPipelineGlobalSettings.asset using Guid(18dc0cd2c080841dea60987a38ce93fa) Importer(815301076,1909f56bfc062723c751e8b465ee728b)  -> (artifact id: '2eecc253734895facb66926253515a97') in 0.148634 seconds 
========================================================================
Received Import Request.
  Time since last request: 1062.002399 seconds.
  path: Assets/TutorialInfo
  artifactKey: Guid(ba062aa6c92b140379dbc06b43dd3b9b) Importer(815301076,1909f56bfc062723c751e8b465ee728b)
Start importing Assets/TutorialInfo using Guid(ba062aa6c92b140379dbc06b43dd3b9b) Importer(815301076,1909f56bfc062723c751e8b465ee728b)  -> (artifact id: '94fb6c6bacde1da6d0b7d43ec8d6e3b7') in 0.008726 seconds 
========================================================================
Received Import Request.
  Time since last request: 0.959592 seconds.
  path: Assets/TutorialInfo/Scripts
  artifactKey: Guid(5a9bcd70e6a4b4b05badaa72e827d8e0) Importer(815301076,1909f56bfc062723c751e8b465ee728b)
Start importing Assets/TutorialInfo/Scripts using Guid(5a9bcd70e6a4b4b05badaa72e827d8e0) Importer(815301076,1909f56bfc062723c751e8b465ee728b)  -> (artifact id: 'bd40405b1c33fc38c3cf389a51b62526') in 0.009985 seconds 
========================================================================
Received Import Request.
  Time since last request: 0.848960 seconds.
  path: Assets/TutorialInfo/Scripts/Readme.cs
  artifactKey: Guid(fcf7219bab7fe46a1ad266029b2fee19) Importer(815301076,1909f56bfc062723c751e8b465ee728b)
Start importing Assets/TutorialInfo/Scripts/Readme.cs using Guid(fcf7219bab7fe46a1ad266029b2fee19) Importer(815301076,1909f56bfc062723c751e8b465ee728b)  -> (artifact id: 'a2b868457d98ba89203b747cf9886c0f') in 0.036208 seconds 
========================================================================
Received Import Request.
  Time since last request: 29.619154 seconds.
  path: Assets/TutorialInfo/Icons
  artifactKey: Guid(8a0c9218a650547d98138cd835033977) Importer(815301076,1909f56bfc062723c751e8b465ee728b)
Start importing Assets/TutorialInfo/Icons using Guid(8a0c9218a650547d98138cd835033977) Importer(815301076,1909f56bfc062723c751e8b465ee728b)  -> (artifact id: '97246fe29dc966453781dc86007a4ba4') in 0.008537 seconds 
========================================================================
Received Import Request.
  Time since last request: 0.020517 seconds.
  path: Assets/TutorialInfo/Icons/URP.png
  artifactKey: Guid(727a75301c3d24613a3ebcec4a24c2c8) Importer(815301076,1909f56bfc062723c751e8b465ee728b)
Start importing Assets/TutorialInfo/Icons/URP.png using Guid(727a75301c3d24613a3ebcec4a24c2c8) Importer(815301076,1909f56bfc062723c751e8b465ee728b)  -> (artifact id: '822303f7803874cae41c4b3b87b8b8f2') in 0.113390 seconds 
========================================================================
Received Import Request.
  Time since last request: 2.841258 seconds.
  path: Assets/Scenes
  artifactKey: Guid(9e2224b7cd3e80d49bbfe91c3e385588) Importer(815301076,1909f56bfc062723c751e8b465ee728b)
Start importing Assets/Scenes using Guid(9e2224b7cd3e80d49bbfe91c3e385588) Importer(815301076,1909f56bfc062723c751e8b465ee728b)  -> (artifact id: '4cb1f6f78d97d62baf57bd5b2e23fa62') in 0.007471 seconds 
========================================================================
Received Import Request.
  Time since last request: 1.255390 seconds.
  path: Assets/Settings
  artifactKey: Guid(709f11a7f3c4041caa4ef136ea32d874) Importer(815301076,1909f56bfc062723c751e8b465ee728b)
Start importing Assets/Settings using Guid(709f11a7f3c4041caa4ef136ea32d874) Importer(815301076,1909f56bfc062723c751e8b465ee728b)  -> (artifact id: 'dfaa9b38051423c63420310940c3f677') in 0.010075 seconds 
========================================================================
Received Import Request.
  Time since last request: 0.030060 seconds.
  path: Assets/Settings/SampleSceneProfile.asset
  artifactKey: Guid(a6560a915ef98420e9faacc1c7438823) Importer(815301076,1909f56bfc062723c751e8b465ee728b)
Start importing Assets/Settings/SampleSceneProfile.asset using Guid(a6560a915ef98420e9faacc1c7438823) Importer(815301076,1909f56bfc062723c751e8b465ee728b)  -> (artifact id: 'e5bd75c520ef9547e08014ff43c91054') in 0.017866 seconds 
========================================================================
Received Import Request.
  Time since last request: 0.000027 seconds.
  path: Assets/Settings/URP-HighFidelity.asset
  artifactKey: Guid(7b7fd9122c28c4d15b667c7040e3b3fd) Importer(815301076,1909f56bfc062723c751e8b465ee728b)
Start importing Assets/Settings/URP-HighFidelity.asset using Guid(7b7fd9122c28c4d15b667c7040e3b3fd) Importer(815301076,1909f56bfc062723c751e8b465ee728b)  -> (artifact id: 'f373e007559208dbd952668fc8601503') in 0.010633 seconds 
========================================================================
Received Import Request.
  Time since last request: 0.000043 seconds.
  path: Assets/Settings/URP-HighFidelity-Renderer.asset
  artifactKey: Guid(c40be3174f62c4acf8c1216858c64956) Importer(815301076,1909f56bfc062723c751e8b465ee728b)
Start importing Assets/Settings/URP-HighFidelity-Renderer.asset using Guid(c40be3174f62c4acf8c1216858c64956) Importer(815301076,1909f56bfc062723c751e8b465ee728b)  -> (artifact id: '44b03b7edfc27bacf2b5441dc98ae73a') in 0.012093 seconds 
========================================================================
Received Import Request.
  Time since last request: 0.000033 seconds.
  path: Assets/Settings/URP-Balanced.asset
  artifactKey: Guid(e1260c1148f6143b28bae5ace5e9c5d1) Importer(815301076,1909f56bfc062723c751e8b465ee728b)
Start importing Assets/Settings/URP-Balanced.asset using Guid(e1260c1148f6143b28bae5ace5e9c5d1) Importer(815301076,1909f56bfc062723c751e8b465ee728b)  -> (artifact id: '6047c07203615f35ba524aebf06ab1ff') in 0.010243 seconds 
========================================================================
Received Prepare
Registering precompiled user dll's ...
Registered in 0.008873 seconds.
Begin MonoManager ReloadAssembly
Symbol file LoadedFromMemory doesn't match image C:\Users\Eric\Unity_Projects\YoU_05_ProgressRingShader\progress_ring_shader\progress_ring_shader\Library\PackageCache\com.unity.visualscripting@1.7.6\Editor\VisualScripting.Core\Dependencies\YamlDotNet\Unity.VisualScripting.YamlDotNet.dll
Symbol file LoadedFromMemory is not a mono symbol file
Symbol file LoadedFromMemory doesn't match image C:\Users\Eric\Unity_Projects\YoU_05_ProgressRingShader\progress_ring_shader\progress_ring_shader\Library\PackageCache\com.unity.visualscripting@1.7.6\Editor\VisualScripting.Core\Dependencies\DotNetZip\Unity.VisualScripting.IonicZip.dll
Native extension for WindowsStandalone target not found
Refreshing native plugins compatible for Editor in 1.02 ms, found 3 plugins.
Preloading 0 native plugins for Editor in 0.00 ms.
Mono: successfully reloaded assembly
- Completed reload, in  1.426 seconds
Domain Reload Profiling:
	ReloadAssembly (1427ms)
		BeginReloadAssembly (190ms)
			ExecutionOrderSort (0ms)
			DisableScriptedObjects (7ms)
			BackupInstance (0ms)
			ReleaseScriptingObjects (0ms)
			CreateAndSetChildDomain (46ms)
		EndReloadAssembly (1108ms)
			LoadAssemblies (162ms)
			RebuildTransferFunctionScriptingTraits (0ms)
			SetupTypeCache (311ms)
			ReleaseScriptCaches (2ms)
			RebuildScriptCaches (55ms)
			SetupLoadedEditorAssemblies (506ms)
				LogAssemblyErrors (0ms)
				InitializePlatformSupportModulesInManaged (17ms)
				SetLoadedEditorAssemblies (1ms)
				RefreshPlugins (1ms)
				BeforeProcessingInitializeOnLoad (115ms)
				ProcessInitializeOnLoadAttributes (257ms)
				ProcessInitializeOnLoadMethodAttributes (101ms)
				AfterProcessingInitializeOnLoad (13ms)
				EditorAssembliesLoaded (0ms)
			ExecutionOrderSort2 (0ms)
			AwakeInstancesAfterBackupRestoration (18ms)
Platform modules already initialized, skipping
Refreshing native plugins compatible for Editor in 2.82 ms, found 3 plugins.
Preloading 0 native plugins for Editor in 0.00 ms.
Unloading 4753 Unused Serialized files (Serialized files now loaded: 0)
Unloading 27 unused Assets / (0.7 MB). Loaded Objects now: 5337.
Memory consumption went from 185.3 MB to 184.7 MB.
Total: 4.959500 ms (FindLiveObjects: 0.488900 ms CreateObjectMapping: 0.150600 ms MarkObjects: 3.646800 ms  DeleteObjects: 0.671600 ms)

AssetImportParameters requested are different than current active one (requested -> active):
  custom:video-decoder-ogg-theora: a1e56fd34408186e4bbccfd4996cb3dc -> 
  custom:container-muxer-webm: aa71ff27fc2769a1b78a27578f13a17b -> 
  custom:container-demuxer-webm: 4f35f7cbe854078d1ac9338744f61a02 -> 
  custom:video-encoder-webm-vp8: eb34c28f22e8b96e1ab97ce403110664 -> 
  custom:video-codec-MediaFoundation-h265: 746d11721c4dcdbdad8f713fa42b33f4 -> 
  custom:audio-encoder-webm-vorbis: bf7c407c2cedff20999df2af8eb42d56 -> 
  custom:framework-win-MediaFoundation: 216162199b28c13a410421893ffa2e32 -> 
  custom:container-demuxer-ogg: 62fdf1f143b41e24485cea50d1cbac27 -> 
  custom:video-decoder-webm-vp8: 9c59270c3fd7afecdb556c50c9e8de78 -> 
  custom:audio-decoder-ogg-vorbis: bf7c407c2cedff20999df2af8eb42d56 -> 
========================================================================
Received Import Request.
  Time since last request: 48.941319 seconds.
  path: Assets
  artifactKey: Guid(00000000000000001000000000000000) Importer(815301076,1909f56bfc062723c751e8b465ee728b)
Start importing Assets using Guid(00000000000000001000000000000000) Importer(815301076,1909f56bfc062723c751e8b465ee728b)  -> (artifact id: '79842766b460edbeab6a34051e857a80') in 0.015143 seconds 
========================================================================
Received Import Request.
  Time since last request: 8.453224 seconds.
  path: Assets/URP
  artifactKey: Guid(b96a73a22b878b34c9342de1f849d2aa) Importer(815301076,1909f56bfc062723c751e8b465ee728b)
Start importing Assets/URP using Guid(b96a73a22b878b34c9342de1f849d2aa) Importer(815301076,1909f56bfc062723c751e8b465ee728b)  -> (artifact id: '97ebb99295b0288daa100bbdb54ad49c') in 0.007457 seconds 
========================================================================
Received Import Request.
  Time since last request: 27.485536 seconds.
  path: Assets/basic_progress_ring.shadergraph
  artifactKey: Guid(662b423bfccea1d4daaed6a584511e27) Importer(815301076,1909f56bfc062723c751e8b465ee728b)
Start importing Assets/basic_progress_ring.shadergraph using Guid(662b423bfccea1d4daaed6a584511e27) Importer(815301076,1909f56bfc062723c751e8b465ee728b)  -> (artifact id: 'fdbab66bf50bf3cc1a0e918819641927') in 0.021703 seconds 
========================================================================
Received Import Request.
  Time since last request: 732.979147 seconds.
  path: Assets/basic_progress_ring.shadergraph
  artifactKey: Guid(662b423bfccea1d4daaed6a584511e27) Importer(815301076,1909f56bfc062723c751e8b465ee728b)
Start importing Assets/basic_progress_ring.shadergraph using Guid(662b423bfccea1d4daaed6a584511e27) Importer(815301076,1909f56bfc062723c751e8b465ee728b)  -> (artifact id: '8b70dee3ce7207ef765f1e4f83466fbe') in 0.004506 seconds 
========================================================================
Received Import Request.
  Time since last request: 15.327541 seconds.
  path: Assets/basic_ring_material.mat
  artifactKey: Guid(dab5b847345b0c2458c59ee6fb0bc56c) Importer(815301076,1909f56bfc062723c751e8b465ee728b)
Start importing Assets/basic_ring_material.mat using Guid(dab5b847345b0c2458c59ee6fb0bc56c) Importer(815301076,1909f56bfc062723c751e8b465ee728b)  -> (artifact id: 'a950d6851a85d9085b511ef4e1752682') in 0.738068 seconds 
========================================================================
Received Import Request.
  Time since last request: 7.421562 seconds.
  path: Assets/materials
  artifactKey: Guid(7291ff2c23056094e8e6fd2f348566dd) Importer(815301076,1909f56bfc062723c751e8b465ee728b)
Start importing Assets/materials using Guid(7291ff2c23056094e8e6fd2f348566dd) Importer(815301076,1909f56bfc062723c751e8b465ee728b)  -> (artifact id: '11b219051b022895e1d1b37548a3b0fb') in 0.008046 seconds 
========================================================================
Received Import Request.
  Time since last request: 281.101627 seconds.
  path: Assets/fancy_progress_ring.shadergraph
  artifactKey: Guid(65fd4b4abe8ca554ca085012edba8266) Importer(815301076,1909f56bfc062723c751e8b465ee728b)
Start importing Assets/fancy_progress_ring.shadergraph using Guid(65fd4b4abe8ca554ca085012edba8266) Importer(815301076,1909f56bfc062723c751e8b465ee728b)  -> (artifact id: 'c5851f06bced0bf03147bcda19e1e8e9') in 0.008928 seconds 
========================================================================
Received Import Request.
  Time since last request: 6.196538 seconds.
  path: Assets/materials/basic_ring_material.mat
  artifactKey: Guid(dab5b847345b0c2458c59ee6fb0bc56c) Importer(815301076,1909f56bfc062723c751e8b465ee728b)
Start importing Assets/materials/basic_ring_material.mat using Guid(dab5b847345b0c2458c59ee6fb0bc56c) Importer(815301076,1909f56bfc062723c751e8b465ee728b)  -> (artifact id: '1708093acd1c88456042204e278549c3') in 0.018570 seconds 
========================================================================
Received Import Request.
  Time since last request: 9.564439 seconds.
  path: Assets/fancy_ring_material.mat
  artifactKey: Guid(5b910594f31f9694eb1ea81b5a9af675) Importer(815301076,1909f56bfc062723c751e8b465ee728b)
Start importing Assets/fancy_ring_material.mat using Guid(5b910594f31f9694eb1ea81b5a9af675) Importer(815301076,1909f56bfc062723c751e8b465ee728b)  -> (artifact id: 'dd874234760c98f89148b82d3c030a33') in 0.564396 seconds 
========================================================================
Received Import Request.
  Time since last request: 207.913743 seconds.
  path: Assets/fancy_progress_ring.shadergraph
  artifactKey: Guid(65fd4b4abe8ca554ca085012edba8266) Importer(815301076,1909f56bfc062723c751e8b465ee728b)
Start importing Assets/fancy_progress_ring.shadergraph using Guid(65fd4b4abe8ca554ca085012edba8266) Importer(815301076,1909f56bfc062723c751e8b465ee728b)  -> (artifact id: 'c0b694c7ff322505665c0b59f5c9fa59') in 0.004543 seconds 
========================================================================
Received Import Request.
  Time since last request: 33.057997 seconds.
  path: Assets/fancy_progress_ring.shadergraph
  artifactKey: Guid(65fd4b4abe8ca554ca085012edba8266) Importer(815301076,1909f56bfc062723c751e8b465ee728b)
Start importing Assets/fancy_progress_ring.shadergraph using Guid(65fd4b4abe8ca554ca085012edba8266) Importer(815301076,1909f56bfc062723c751e8b465ee728b)  -> (artifact id: '97ef6ac3ca1f3ab76169731d03c83249') in 0.004375 seconds 
========================================================================
Received Import Request.
  Time since last request: 360.345113 seconds.
  path: Assets/fancy_progress_ring.shadergraph
  artifactKey: Guid(65fd4b4abe8ca554ca085012edba8266) Importer(815301076,1909f56bfc062723c751e8b465ee728b)
Start importing Assets/fancy_progress_ring.shadergraph using Guid(65fd4b4abe8ca554ca085012edba8266) Importer(815301076,1909f56bfc062723c751e8b465ee728b)  -> (artifact id: '13b624ada7ac73252dc6867eb328352e') in 0.004550 seconds 
========================================================================
Received Import Request.
  Time since last request: 114.630839 seconds.
  path: Assets/fuzzy_step.shadersubgraph
  artifactKey: Guid(fd0632996ee3a32479d179a7dbe325b5) Importer(815301076,1909f56bfc062723c751e8b465ee728b)
Start importing Assets/fuzzy_step.shadersubgraph using Guid(fd0632996ee3a32479d179a7dbe325b5) Importer(815301076,1909f56bfc062723c751e8b465ee728b)  -> (artifact id: '76f38175fb0eb039c6109de3be90533f') in 0.011100 seconds 
========================================================================
Received Import Request.
  Time since last request: 194.441406 seconds.
  path: Assets/fuzzy_step.shadersubgraph
  artifactKey: Guid(fd0632996ee3a32479d179a7dbe325b5) Importer(815301076,1909f56bfc062723c751e8b465ee728b)
Start importing Assets/fuzzy_step.shadersubgraph using Guid(fd0632996ee3a32479d179a7dbe325b5) Importer(815301076,1909f56bfc062723c751e8b465ee728b)  -> (artifact id: '67cb7f61bc643e55ce357db3795efdf4') in 0.003479 seconds 
========================================================================
Received Import Request.
  Time since last request: 11.993879 seconds.
  path: Assets/fuzzy_step.shadersubgraph
  artifactKey: Guid(fd0632996ee3a32479d179a7dbe325b5) Importer(815301076,1909f56bfc062723c751e8b465ee728b)
Start importing Assets/fuzzy_step.shadersubgraph using Guid(fd0632996ee3a32479d179a7dbe325b5) Importer(815301076,1909f56bfc062723c751e8b465ee728b)  -> (artifact id: 'bb630da7aefc1d40de314a7bddb1d0ba') in 0.003639 seconds 
========================================================================
Received Import Request.
  Time since last request: 80.510007 seconds.
  path: Assets/fuzzy_step.shadersubgraph
  artifactKey: Guid(fd0632996ee3a32479d179a7dbe325b5) Importer(815301076,1909f56bfc062723c751e8b465ee728b)
Start importing Assets/fuzzy_step.shadersubgraph using Guid(fd0632996ee3a32479d179a7dbe325b5) Importer(815301076,1909f56bfc062723c751e8b465ee728b)  -> (artifact id: 'bda1a948da29c4b03bcaa36a5abc2b64') in 0.003513 seconds 
========================================================================
Received Import Request.
  Time since last request: 269.621595 seconds.
  path: Assets/fancy_progress_ring.shadergraph
  artifactKey: Guid(65fd4b4abe8ca554ca085012edba8266) Importer(815301076,1909f56bfc062723c751e8b465ee728b)
Start importing Assets/fancy_progress_ring.shadergraph using Guid(65fd4b4abe8ca554ca085012edba8266) Importer(815301076,1909f56bfc062723c751e8b465ee728b)  -> (artifact id: 'deda30350a799b9bddb0a41810fdeade') in 0.004668 seconds 
========================================================================
Received Import Request.
  Time since last request: 66.539762 seconds.
  path: Assets/fancy_progress_ring.shadergraph
  artifactKey: Guid(65fd4b4abe8ca554ca085012edba8266) Importer(815301076,1909f56bfc062723c751e8b465ee728b)
Start importing Assets/fancy_progress_ring.shadergraph using Guid(65fd4b4abe8ca554ca085012edba8266) Importer(815301076,1909f56bfc062723c751e8b465ee728b)  -> (artifact id: 'dc249ab9d82985287d0be8c3e3a8f898') in 0.005218 seconds 
========================================================================
Received Import Request.
  Time since last request: 0.395078 seconds.
  path: Assets/fuzzy_step.shadersubgraph
  artifactKey: Guid(fd0632996ee3a32479d179a7dbe325b5) Importer(815301076,1909f56bfc062723c751e8b465ee728b)
Start importing Assets/fuzzy_step.shadersubgraph using Guid(fd0632996ee3a32479d179a7dbe325b5) Importer(815301076,1909f56bfc062723c751e8b465ee728b)  -> (artifact id: '681aaefe3cfadfc6c4bcaecd9207afce') in 0.003826 seconds 
========================================================================
Received Import Request.
  Time since last request: 143.954392 seconds.
  path: Assets/fancy_progress_ring.shadergraph
  artifactKey: Guid(65fd4b4abe8ca554ca085012edba8266) Importer(815301076,1909f56bfc062723c751e8b465ee728b)
Start importing Assets/fancy_progress_ring.shadergraph using Guid(65fd4b4abe8ca554ca085012edba8266) Importer(815301076,1909f56bfc062723c751e8b465ee728b)  -> (artifact id: '46fcd078aa235b111ac1ff0a9d3bd78a') in 0.004309 seconds 
========================================================================
Received Import Request.
  Time since last request: 625.943321 seconds.
  path: Assets/fuzzy_step.shadersubgraph
  artifactKey: Guid(fd0632996ee3a32479d179a7dbe325b5) Importer(815301076,1909f56bfc062723c751e8b465ee728b)
Start importing Assets/fuzzy_step.shadersubgraph using Guid(fd0632996ee3a32479d179a7dbe325b5) Importer(815301076,1909f56bfc062723c751e8b465ee728b)  -> (artifact id: '87d9a468d026ff301b9f8304bd921336') in 0.004509 seconds 
========================================================================
Received Import Request.
  Time since last request: 2879.419990 seconds.
  path: Assets/basic_progress_ring.shadergraph
  artifactKey: Guid(662b423bfccea1d4daaed6a584511e27) Importer(815301076,1909f56bfc062723c751e8b465ee728b)
Start importing Assets/basic_progress_ring.shadergraph using Guid(662b423bfccea1d4daaed6a584511e27) Importer(815301076,1909f56bfc062723c751e8b465ee728b)  -> (artifact id: '5db28d53d615684c6fb684260221691d') in 0.012686 seconds 
========================================================================
Received Import Request.
  Time since last request: 2.993463 seconds.
  path: Assets/fancy_progress_ring.shadergraph
  artifactKey: Guid(65fd4b4abe8ca554ca085012edba8266) Importer(815301076,1909f56bfc062723c751e8b465ee728b)
Start importing Assets/fancy_progress_ring.shadergraph using Guid(65fd4b4abe8ca554ca085012edba8266) Importer(815301076,1909f56bfc062723c751e8b465ee728b)  -> (artifact id: '69e1fe8eaa1441dfe6d0a1c4617ed687') in 0.004797 seconds 
========================================================================
Received Import Request.
  Time since last request: 13.244223 seconds.
  path: Assets/Scenes/SampleScene.unity
  artifactKey: Guid(99c9720ab356a0642a771bea13969a05) Importer(815301076,1909f56bfc062723c751e8b465ee728b)
Start importing Assets/Scenes/SampleScene.unity using Guid(99c9720ab356a0642a771bea13969a05) Importer(815301076,1909f56bfc062723c751e8b465ee728b)  -> (artifact id: '063f26863dd6811393d7c1528cca94b0') in 0.007965 seconds 
========================================================================
Received Import Request.
  Time since last request: 12.765405 seconds.
  path: Assets/Scenes/demo.unity
  artifactKey: Guid(99c9720ab356a0642a771bea13969a05) Importer(815301076,1909f56bfc062723c751e8b465ee728b)
Start importing Assets/Scenes/demo.unity using Guid(99c9720ab356a0642a771bea13969a05) Importer(815301076,1909f56bfc062723c751e8b465ee728b)  -> (artifact id: 'bd7c5c1c0d530834570423ce627af2d7') in 0.007005 seconds 
